<?xml version="1.0" encoding="UTF-8"?>
<testsuite name="com.test.AppTest" tests="1" skipped="0" failures="0" errors="0" timestamp="2022-03-10T15:18:49" hostname="myworld" time="0.033">
  <properties/>
  <testcase name="appHasAGreeting" classname="com.test.AppTest" time="0.033"/>
  <system-out><![CDATA[]]></system-out>
  <system-err><![CDATA[]]></system-err>
</testsuite>
